<?xml version="1.0" encoding="UTF-8"?>
<!-- Generated by org.testng.reporters.JUnitXMLReporter -->
<testsuite ignored="0" hostname="DESKTOP-R32VSJE" failures="1" tests="1" name="Bank Manager Login Test" time="1.242" errors="0" timestamp="2020-11-24T11:16:04 IST">
  <testcase classname="com.w2a.testcases.BankManagerLoginnTest" name="LoginAsBankManager" time="0.695">
    <failure type="java.lang.AssertionError" message="Login failed">
      <![CDATA[java.lang.AssertionError: Login failed
at com.w2a.testcases.BankManagerLoginnTest.LoginAsBankManager(BankManagerLoginnTest.java:32)
at java.base/java.util.ArrayList.forEach(ArrayList.java:1541)
... Removed 28 stack frames]]>
    </failure>
  </testcase> <!-- LoginAsBankManager -->
</testsuite> <!-- Bank Manager Login Test -->
