<?xml version="1.0" encoding="UTF-8"?>
<!-- Generated by org.testng.reporters.JUnitXMLReporter -->
<testsuite ignored="0" hostname="DESKTOP-R32VSJE" failures="1" tests="1" name="Add customer Test" time="41.655" errors="0" timestamp="2020-12-05T14:35:38 IST">
  <testcase classname="testcases.AddCustomerTest" name="AddCustomerBankTest" time="41.03">
    <failure type="org.testng.internal.reflect.MethodMatcherException" message="
[public void testcases.AddCustomerTest.AddCustomerBankTest(java.lang.String,java.lang.String,java.lang.String,java.lang.String) throws java.lang.InterruptedException] has no parameters defined but was found to be using a data provider (either explicitly specified or inherited from class level annotation).
Data provider mismatch
Method: AddCustomerBankTest([Parameter{index=0, type=java.lang.String, declaredAnnotations=[]}, Parameter{index=1, type=java.lang.String, declaredAnnotations=[]}, Parameter{index=2, type=java.lang.String, declaredAnnotations=[]}, Parameter{index=3, type=java.lang.String, declaredAnnotations=[]}])
Arguments: [(java.lang.String) sumit goyal,(java.lang.String) Rupee]">
      <![CDATA[org.testng.internal.reflect.MethodMatcherException: 
[public void testcases.AddCustomerTest.AddCustomerBankTest(java.lang.String,java.lang.String,java.lang.String,java.lang.String) throws java.lang.InterruptedException] has no parameters defined but was found to be using a data provider (either explicitly specified or inherited from class level annotation).
Data provider mismatch
Method: AddCustomerBankTest([Parameter{index=0, type=java.lang.String, declaredAnnotations=[]}, Parameter{index=1, type=java.lang.String, declaredAnnotations=[]}, Parameter{index=2, type=java.lang.String, declaredAnnotations=[]}, Parameter{index=3, type=java.lang.String, declaredAnnotations=[]}])
Arguments: [(java.lang.String) sumit goyal,(java.lang.String) Rupee]
at java.base/java.util.ArrayList.forEach(ArrayList.java:1541)
... Removed 22 stack frames]]>
    </failure>
  </testcase> <!-- AddCustomerBankTest -->
</testsuite> <!-- Add customer Test -->
