<?xml version="1.0" encoding="UTF-8"?>
<!-- Generated by org.testng.reporters.JUnitXMLReporter -->
<testsuite ignored="0" hostname="DESKTOP-R32VSJE" failures="1" tests="1" name="Bank Manager Login Test" time="20.309" errors="0" timestamp="2020-12-05T20:44:31 IST">
  <testcase classname="testcases.BankManagerLoginnTest" name="LoginAsBankManager" time="16.422">
    <failure type="java.lang.NullPointerException">
      <![CDATA[java.lang.NullPointerException
at com.relevantcodes.extentreports.ExtentTest.isPathRelative(ExtentTest.java:502)
at com.relevantcodes.extentreports.ExtentTest.addScreenCapture(ExtentTest.java:287)
at basePackage.TestBase.VerifyEquals(TestBase.java:100)
at testcases.BankManagerLoginnTest.LoginAsBankManager(BankManagerLoginnTest.java:24)
at java.base/java.util.ArrayList.forEach(ArrayList.java:1541)
... Removed 27 stack frames]]>
    </failure>
  </testcase> <!-- LoginAsBankManager -->
</testsuite> <!-- Bank Manager Login Test -->
