<?xml version="1.0" encoding="UTF-8"?>
<testsuite name="TestSuite" time="14.216" tests="6" errors="0" skipped="0" failures="1">
  <properties>
[...]
</properties>
  <testcase name="LoginAsBankManager" classname="testcases.BankManagerLoginnTest" time="4.939">
    <failure type="java.lang.AssertionError:">java.lang.AssertionError: null
	at org.testng.Assert.fail(Assert.java:99)
	at org.testng.Assert.fail(Assert.java:106)
	at testcases.BankManagerLoginnTest.LoginAsBankManager(BankManagerLoginnTest.java:35)
</failure>
    <system-out><![CDATA[h
]]></system-out>
    <system-err><![CDATA[Starting ChromeDriver 87.0.4280.88 (89e2380a3e36c3464b5dd1302349b1382549290d-refs/branch-heads/4280@{#1761}) on port 48489
Only local connections are allowed.
Please see https://chromedriver.chromium.org/security-considerations for suggestions on keeping ChromeDriver safe.
ChromeDriver was started successfully.
Jan 23, 2021 1:12:04 PM org.openqa.selenium.remote.ProtocolHandshake createSession
INFO: Detected dialect: W3C
]]></system-err>
  </testcase>
  <testcase name="addCustomerTest" classname="testcases.AddCustomerTest" time="8.425"/>
  <testcase name="addCustomerTest" classname="testcases.AddCustomerTest" time="8.381"/>
  <testcase name="addCustomerTest" classname="testcases.AddCustomerTest" time="8.127"/>
  <testcase name="addCustomerTest" classname="testcases.AddCustomerTest" time="8.096"/>
  <testcase name="openAccountTest" classname="testcases.OpenAccountTest" time="0.852"/>
</testsuite>