<?xml version="1.0" encoding="UTF-8"?>
<!-- Generated by org.testng.reporters.JUnitXMLReporter -->
<testsuite ignored="0" hostname="DESKTOP-R32VSJE" failures="0" tests="4" name="Add customer Test" time="33.48" errors="0" timestamp="2021-01-23T13:12:51 IST">
  <testcase classname="testcases.AddCustomerTest" name="addCustomerTest" time="8.425"/>
  <testcase classname="testcases.AddCustomerTest" name="addCustomerTest" time="8.384"/>
  <testcase classname="testcases.AddCustomerTest" name="addCustomerTest" time="8.13"/>
  <testcase classname="testcases.AddCustomerTest" name="addCustomerTest" time="8.095"/>
</testsuite> <!-- Add customer Test -->
