<?xml version="1.0" encoding="UTF-8"?>
<!-- Generated by org.testng.reporters.JUnitXMLReporter -->
<testsuite ignored="0" hostname="DESKTOP-R32VSJE" failures="1" tests="1" name="Bank Manager Login Test" time="6.278" errors="0" timestamp="2021-01-23T13:12:17 IST">
  <testcase classname="testcases.BankManagerLoginnTest" name="LoginAsBankManager" time="4.885">
    <failure type="java.lang.AssertionError" message="null">
      <![CDATA[java.lang.AssertionError: null
at testcases.BankManagerLoginnTest.LoginAsBankManager(BankManagerLoginnTest.java:35)
at java.base/java.util.ArrayList.forEach(ArrayList.java:1541)
... Removed 32 stack frames]]>
    </failure>
  </testcase> <!-- LoginAsBankManager -->
</testsuite> <!-- Bank Manager Login Test -->
